2025-06-15 17:12:32 DEBUG com.zaxxer.hikari.HikariConfig - Driver class com.mysql.cj.jdbc.Driver found in Thread context class loader TomcatEmbeddedWebappClassLoader
  context: ROOT
  delegate: true
----------> Parent Classloader:
jdk.internal.loader.ClassLoaders$AppClassLoader@73d16e93

2025-06-15 17:12:32 DEBUG com.zaxxer.hikari.HikariConfig - HikariPool-1 - configuration:
2025-06-15 17:12:32 DEBUG com.zaxxer.hikari.HikariConfig - allowPoolSuspension.............false
2025-06-15 17:12:32 DEBUG com.zaxxer.hikari.HikariConfig - autoCommit......................true
2025-06-15 17:12:32 DEBUG com.zaxxer.hikari.HikariConfig - catalog.........................none
2025-06-15 17:12:32 DEBUG com.zaxxer.hikari.HikariConfig - connectionInitSql...............none
2025-06-15 17:12:32 DEBUG com.zaxxer.hikari.HikariConfig - connectionTestQuery.............none
2025-06-15 17:12:32 DEBUG com.zaxxer.hikari.HikariConfig - connectionTimeout...............30000
2025-06-15 17:12:32 DEBUG com.zaxxer.hikari.HikariConfig - dataSource......................none
2025-06-15 17:12:32 DEBUG com.zaxxer.hikari.HikariConfig - dataSourceClassName.............none
2025-06-15 17:12:32 DEBUG com.zaxxer.hikari.HikariConfig - dataSourceJNDI..................none
2025-06-15 17:12:32 DEBUG com.zaxxer.hikari.HikariConfig - dataSourceProperties............{password=<masked>}
2025-06-15 17:12:32 DEBUG com.zaxxer.hikari.HikariConfig - driverClassName................."com.mysql.cj.jdbc.Driver"
2025-06-15 17:12:32 DEBUG com.zaxxer.hikari.HikariConfig - exceptionOverrideClassName......none
2025-06-15 17:12:32 DEBUG com.zaxxer.hikari.HikariConfig - healthCheckProperties...........{}
2025-06-15 17:12:32 DEBUG com.zaxxer.hikari.HikariConfig - healthCheckRegistry.............none
2025-06-15 17:12:32 DEBUG com.zaxxer.hikari.HikariConfig - idleTimeout.....................600000
2025-06-15 17:12:32 DEBUG com.zaxxer.hikari.HikariConfig - initializationFailTimeout.......1
2025-06-15 17:12:32 DEBUG com.zaxxer.hikari.HikariConfig - isolateInternalQueries..........false
2025-06-15 17:12:32 DEBUG com.zaxxer.hikari.HikariConfig - jdbcUrl.........................jdbc:mysql://localhost:3306/springrest7db?serverTimezone=UTC
2025-06-15 17:12:32 DEBUG com.zaxxer.hikari.HikariConfig - keepaliveTime...................0
2025-06-15 17:12:32 DEBUG com.zaxxer.hikari.HikariConfig - leakDetectionThreshold..........0
2025-06-15 17:12:32 DEBUG com.zaxxer.hikari.HikariConfig - maxLifetime.....................1800000
2025-06-15 17:12:32 DEBUG com.zaxxer.hikari.HikariConfig - maximumPoolSize.................10
2025-06-15 17:12:32 DEBUG com.zaxxer.hikari.HikariConfig - metricRegistry..................none
2025-06-15 17:12:32 DEBUG com.zaxxer.hikari.HikariConfig - metricsTrackerFactory...........none
2025-06-15 17:12:32 DEBUG com.zaxxer.hikari.HikariConfig - minimumIdle.....................10
2025-06-15 17:12:32 DEBUG com.zaxxer.hikari.HikariConfig - password........................<masked>
2025-06-15 17:12:32 DEBUG com.zaxxer.hikari.HikariConfig - poolName........................"HikariPool-1"
2025-06-15 17:12:32 DEBUG com.zaxxer.hikari.HikariConfig - readOnly........................false
2025-06-15 17:12:32 DEBUG com.zaxxer.hikari.HikariConfig - registerMbeans..................false
2025-06-15 17:12:32 DEBUG com.zaxxer.hikari.HikariConfig - scheduledExecutor...............none
2025-06-15 17:12:32 DEBUG com.zaxxer.hikari.HikariConfig - schema..........................none
2025-06-15 17:12:32 DEBUG com.zaxxer.hikari.HikariConfig - threadFactory...................internal
2025-06-15 17:12:32 DEBUG com.zaxxer.hikari.HikariConfig - transactionIsolation............default
2025-06-15 17:12:32 DEBUG com.zaxxer.hikari.HikariConfig - username........................"springuser"
2025-06-15 17:12:32 DEBUG com.zaxxer.hikari.HikariConfig - validationTimeout...............5000
2025-06-15 17:12:32 INFO  com.zaxxer.hikari.HikariDataSource - HikariPool-1 - Starting...
2025-06-15 17:12:33 DEBUG com.zaxxer.hikari.pool.PoolBase - HikariPool-1 - Failed to create/setup connection: Access denied for user 'springuser'@'%' to database 'springrest7db'
2025-06-15 17:12:33 DEBUG com.zaxxer.hikari.pool.HikariPool - HikariPool-1 - Cannot acquire connection from data source
java.sql.SQLSyntaxErrorException: Access denied for user 'springuser'@'%' to database 'springrest7db'
	at com.mysql.cj.jdbc.exceptions.SQLError.createSQLException(SQLError.java:112)
	at com.mysql.cj.jdbc.exceptions.SQLExceptionsMapping.translateException(SQLExceptionsMapping.java:114)
	at com.mysql.cj.jdbc.ConnectionImpl.createNewIO(ConnectionImpl.java:837)
	at com.mysql.cj.jdbc.ConnectionImpl.<init>(ConnectionImpl.java:420)
	at com.mysql.cj.jdbc.ConnectionImpl.getInstance(ConnectionImpl.java:238)
	at com.mysql.cj.jdbc.NonRegisteringDriver.connect(NonRegisteringDriver.java:180)
	at com.zaxxer.hikari.util.DriverDataSource.getConnection(DriverDataSource.java:137)
	at com.zaxxer.hikari.pool.PoolBase.newConnection(PoolBase.java:360)
	at com.zaxxer.hikari.pool.PoolBase.newPoolEntry(PoolBase.java:202)
	at com.zaxxer.hikari.pool.HikariPool.createPoolEntry(HikariPool.java:461)
	at com.zaxxer.hikari.pool.HikariPool.checkFailFast(HikariPool.java:550)
	at com.zaxxer.hikari.pool.HikariPool.<init>(HikariPool.java:98)
	at com.zaxxer.hikari.HikariDataSource.getConnection(HikariDataSource.java:111)
	at org.hibernate.engine.jdbc.connections.internal.DatasourceConnectionProviderImpl.getConnection(DatasourceConnectionProviderImpl.java:126)
	at org.hibernate.engine.jdbc.env.internal.JdbcEnvironmentInitiator$ConnectionProviderJdbcConnectionAccess.obtainConnection(JdbcEnvironmentInitiator.java:483)
	at org.hibernate.resource.transaction.backend.jdbc.internal.JdbcIsolationDelegate.delegateWork(JdbcIsolationDelegate.java:61)
	at org.hibernate.engine.jdbc.env.internal.JdbcEnvironmentInitiator.getJdbcEnvironmentUsingJdbcMetadata(JdbcEnvironmentInitiator.java:336)
	at org.hibernate.engine.jdbc.env.internal.JdbcEnvironmentInitiator.initiateService(JdbcEnvironmentInitiator.java:129)
	at org.hibernate.engine.jdbc.env.internal.JdbcEnvironmentInitiator.initiateService(JdbcEnvironmentInitiator.java:81)
	at org.hibernate.boot.registry.internal.StandardServiceRegistryImpl.initiateService(StandardServiceRegistryImpl.java:130)
	at org.hibernate.service.internal.AbstractServiceRegistryImpl.createService(AbstractServiceRegistryImpl.java:263)
	at org.hibernate.service.internal.AbstractServiceRegistryImpl.initializeService(AbstractServiceRegistryImpl.java:238)
	at org.hibernate.service.internal.AbstractServiceRegistryImpl.getService(AbstractServiceRegistryImpl.java:215)
	at org.hibernate.boot.model.relational.Database.<init>(Database.java:45)
	at org.hibernate.boot.internal.InFlightMetadataCollectorImpl.getDatabase(InFlightMetadataCollectorImpl.java:226)
	at org.hibernate.boot.internal.InFlightMetadataCollectorImpl.<init>(InFlightMetadataCollectorImpl.java:194)
	at org.hibernate.boot.model.process.spi.MetadataBuildingProcess.complete(MetadataBuildingProcess.java:171)
	at org.hibernate.jpa.boot.internal.EntityManagerFactoryBuilderImpl.metadata(EntityManagerFactoryBuilderImpl.java:1442)
	at org.hibernate.jpa.boot.internal.EntityManagerFactoryBuilderImpl.build(EntityManagerFactoryBuilderImpl.java:1513)
	at org.springframework.orm.jpa.vendor.SpringHibernateJpaPersistenceProvider.createContainerEntityManagerFactory(SpringHibernateJpaPersistenceProvider.java:66)
	at org.springframework.orm.jpa.LocalContainerEntityManagerFactoryBean.createNativeEntityManagerFactory(LocalContainerEntityManagerFactoryBean.java:390)
	at org.springframework.orm.jpa.AbstractEntityManagerFactoryBean.buildNativeEntityManagerFactory(AbstractEntityManagerFactoryBean.java:419)
	at org.springframework.orm.jpa.AbstractEntityManagerFactoryBean.afterPropertiesSet(AbstractEntityManagerFactoryBean.java:400)
	at org.springframework.orm.jpa.LocalContainerEntityManagerFactoryBean.afterPropertiesSet(LocalContainerEntityManagerFactoryBean.java:366)
	at org.springframework.beans.factory.support.AbstractAutowireCapableBeanFactory.invokeInitMethods(AbstractAutowireCapableBeanFactory.java:1873)
	at org.springframework.beans.factory.support.AbstractAutowireCapableBeanFactory.initializeBean(AbstractAutowireCapableBeanFactory.java:1822)
	at org.springframework.beans.factory.support.AbstractAutowireCapableBeanFactory.doCreateBean(AbstractAutowireCapableBeanFactory.java:607)
	at org.springframework.beans.factory.support.AbstractAutowireCapableBeanFactory.createBean(AbstractAutowireCapableBeanFactory.java:529)
	at org.springframework.beans.factory.support.AbstractBeanFactory.lambda$doGetBean$0(AbstractBeanFactory.java:339)
	at org.springframework.beans.factory.support.DefaultSingletonBeanRegistry.getSingleton(DefaultSingletonBeanRegistry.java:373)
	at org.springframework.beans.factory.support.AbstractBeanFactory.doGetBean(AbstractBeanFactory.java:337)
	at org.springframework.beans.factory.support.AbstractBeanFactory.getBean(AbstractBeanFactory.java:202)
	at org.springframework.beans.factory.support.BeanDefinitionValueResolver.resolveReference(BeanDefinitionValueResolver.java:365)
	at org.springframework.beans.factory.support.BeanDefinitionValueResolver.resolveValueIfNecessary(BeanDefinitionValueResolver.java:135)
	at org.springframework.beans.factory.support.ConstructorResolver.resolveConstructorArguments(ConstructorResolver.java:691)
	at org.springframework.beans.factory.support.ConstructorResolver.instantiateUsingFactoryMethod(ConstructorResolver.java:513)
	at org.springframework.beans.factory.support.AbstractAutowireCapableBeanFactory.instantiateUsingFactoryMethod(AbstractAutowireCapableBeanFactory.java:1375)
	at org.springframework.beans.factory.support.AbstractAutowireCapableBeanFactory.createBeanInstance(AbstractAutowireCapableBeanFactory.java:1205)
	at org.springframework.beans.factory.support.AbstractAutowireCapableBeanFactory.doCreateBean(AbstractAutowireCapableBeanFactory.java:569)
	at org.springframework.beans.factory.support.AbstractAutowireCapableBeanFactory.createBean(AbstractAutowireCapableBeanFactory.java:529)
	at org.springframework.beans.factory.support.AbstractBeanFactory.lambda$doGetBean$0(AbstractBeanFactory.java:339)
	at org.springframework.beans.factory.support.DefaultSingletonBeanRegistry.getSingleton(DefaultSingletonBeanRegistry.java:373)
	at org.springframework.beans.factory.support.AbstractBeanFactory.doGetBean(AbstractBeanFactory.java:337)
	at org.springframework.beans.factory.support.AbstractBeanFactory.getBean(AbstractBeanFactory.java:202)
	at org.springframework.beans.factory.support.BeanDefinitionValueResolver.resolveReference(BeanDefinitionValueResolver.java:365)
	at org.springframework.beans.factory.support.BeanDefinitionValueResolver.resolveValueIfNecessary(BeanDefinitionValueResolver.java:135)
	at org.springframework.beans.factory.support.AbstractAutowireCapableBeanFactory.applyPropertyValues(AbstractAutowireCapableBeanFactory.java:1725)
	at org.springframework.beans.factory.support.AbstractAutowireCapableBeanFactory.populateBean(AbstractAutowireCapableBeanFactory.java:1474)
	at org.springframework.beans.factory.support.AbstractAutowireCapableBeanFactory.doCreateBean(AbstractAutowireCapableBeanFactory.java:606)
	at org.springframework.beans.factory.support.AbstractAutowireCapableBeanFactory.createBean(AbstractAutowireCapableBeanFactory.java:529)
	at org.springframework.beans.factory.support.AbstractBeanFactory.lambda$doGetBean$0(AbstractBeanFactory.java:339)
	at org.springframework.beans.factory.support.DefaultSingletonBeanRegistry.getSingleton(DefaultSingletonBeanRegistry.java:373)
	at org.springframework.beans.factory.support.AbstractBeanFactory.doGetBean(AbstractBeanFactory.java:337)
	at org.springframework.beans.factory.support.AbstractBeanFactory.getBean(AbstractBeanFactory.java:202)
	at org.springframework.beans.factory.support.DefaultListableBeanFactory.doResolveDependency(DefaultListableBeanFactory.java:1682)
	at org.springframework.beans.factory.support.DefaultListableBeanFactory.resolveDependency(DefaultListableBeanFactory.java:1628)
	at org.springframework.beans.factory.support.ConstructorResolver.resolveAutowiredArgument(ConstructorResolver.java:913)
	at org.springframework.beans.factory.support.ConstructorResolver.createArgumentArray(ConstructorResolver.java:791)
	at org.springframework.beans.factory.support.ConstructorResolver.autowireConstructor(ConstructorResolver.java:240)
	at org.springframework.beans.factory.support.AbstractAutowireCapableBeanFactory.autowireConstructor(AbstractAutowireCapableBeanFactory.java:1395)
	at org.springframework.beans.factory.support.AbstractAutowireCapableBeanFactory.createBeanInstance(AbstractAutowireCapableBeanFactory.java:1232)
	at org.springframework.beans.factory.support.AbstractAutowireCapableBeanFactory.doCreateBean(AbstractAutowireCapableBeanFactory.java:569)
	at org.springframework.beans.factory.support.AbstractAutowireCapableBeanFactory.createBean(AbstractAutowireCapableBeanFactory.java:529)
	at org.springframework.beans.factory.support.AbstractBeanFactory.lambda$doGetBean$0(AbstractBeanFactory.java:339)
	at org.springframework.beans.factory.support.DefaultSingletonBeanRegistry.getSingleton(DefaultSingletonBeanRegistry.java:373)
	at org.springframework.beans.factory.support.AbstractBeanFactory.doGetBean(AbstractBeanFactory.java:337)
	at org.springframework.beans.factory.support.AbstractBeanFactory.getBean(AbstractBeanFactory.java:202)
	at org.springframework.beans.factory.config.DependencyDescriptor.resolveCandidate(DependencyDescriptor.java:254)
	at org.springframework.beans.factory.support.DefaultListableBeanFactory.doResolveDependency(DefaultListableBeanFactory.java:1740)
	at org.springframework.beans.factory.support.DefaultListableBeanFactory.resolveDependency(DefaultListableBeanFactory.java:1628)
	at org.springframework.beans.factory.support.ConstructorResolver.resolveAutowiredArgument(ConstructorResolver.java:913)
	at org.springframework.beans.factory.support.ConstructorResolver.createArgumentArray(ConstructorResolver.java:791)
	at org.springframework.beans.factory.support.ConstructorResolver.autowireConstructor(ConstructorResolver.java:240)
	at org.springframework.beans.factory.support.AbstractAutowireCapableBeanFactory.autowireConstructor(AbstractAutowireCapableBeanFactory.java:1395)
	at org.springframework.beans.factory.support.AbstractAutowireCapableBeanFactory.createBeanInstance(AbstractAutowireCapableBeanFactory.java:1232)
	at org.springframework.beans.factory.support.AbstractAutowireCapableBeanFactory.doCreateBean(AbstractAutowireCapableBeanFactory.java:569)
	at org.springframework.beans.factory.support.AbstractAutowireCapableBeanFactory.createBean(AbstractAutowireCapableBeanFactory.java:529)
	at org.springframework.beans.factory.support.AbstractBeanFactory.lambda$doGetBean$0(AbstractBeanFactory.java:339)
	at org.springframework.beans.factory.support.DefaultSingletonBeanRegistry.getSingleton(DefaultSingletonBeanRegistry.java:373)
	at org.springframework.beans.factory.support.AbstractBeanFactory.doGetBean(AbstractBeanFactory.java:337)
	at org.springframework.beans.factory.support.AbstractBeanFactory.getBean(AbstractBeanFactory.java:207)
	at org.springframework.boot.web.servlet.ServletContextInitializerBeans.getOrderedBeansOfType(ServletContextInitializerBeans.java:211)
	at org.springframework.boot.web.servlet.ServletContextInitializerBeans.addAsRegistrationBean(ServletContextInitializerBeans.java:174)
	at org.springframework.boot.web.servlet.ServletContextInitializerBeans.addAsRegistrationBean(ServletContextInitializerBeans.java:169)
	at org.springframework.boot.web.servlet.ServletContextInitializerBeans.addAdaptableBeans(ServletContextInitializerBeans.java:154)
	at org.springframework.boot.web.servlet.ServletContextInitializerBeans.<init>(ServletContextInitializerBeans.java:87)
	at org.springframework.boot.web.servlet.context.ServletWebServerApplicationContext.getServletContextInitializerBeans(ServletWebServerApplicationContext.java:271)
	at org.springframework.boot.web.servlet.context.ServletWebServerApplicationContext.selfInitialize(ServletWebServerApplicationContext.java:245)
	at org.springframework.boot.web.embedded.tomcat.TomcatStarter.onStartup(TomcatStarter.java:52)
	at org.apache.catalina.core.StandardContext.startInternal(StandardContext.java:4464)
	at org.apache.catalina.util.LifecycleBase.start(LifecycleBase.java:164)
	at org.apache.catalina.core.ContainerBase$StartChild.call(ContainerBase.java:1203)
	at org.apache.catalina.core.ContainerBase$StartChild.call(ContainerBase.java:1193)
	at java.base/java.util.concurrent.FutureTask.run(FutureTask.java:264)
	at org.apache.tomcat.util.threads.InlineExecutorService.execute(InlineExecutorService.java:75)
	at java.base/java.util.concurrent.AbstractExecutorService.submit(AbstractExecutorService.java:145)
	at org.apache.catalina.core.ContainerBase.startInternal(ContainerBase.java:749)
	at org.apache.catalina.core.StandardHost.startInternal(StandardHost.java:772)
	at org.apache.catalina.util.LifecycleBase.start(LifecycleBase.java:164)
	at org.apache.catalina.core.ContainerBase$StartChild.call(ContainerBase.java:1203)
	at org.apache.catalina.core.ContainerBase$StartChild.call(ContainerBase.java:1193)
	at java.base/java.util.concurrent.FutureTask.run(FutureTask.java:264)
	at org.apache.tomcat.util.threads.InlineExecutorService.execute(InlineExecutorService.java:75)
	at java.base/java.util.concurrent.AbstractExecutorService.submit(AbstractExecutorService.java:145)
	at org.apache.catalina.core.ContainerBase.startInternal(ContainerBase.java:749)
	at org.apache.catalina.core.StandardEngine.startInternal(StandardEngine.java:203)
	at org.apache.catalina.util.LifecycleBase.start(LifecycleBase.java:164)
	at org.apache.catalina.core.StandardService.startInternal(StandardService.java:412)
	at org.apache.catalina.util.LifecycleBase.start(LifecycleBase.java:164)
	at org.apache.catalina.core.StandardServer.startInternal(StandardServer.java:870)
	at org.apache.catalina.util.LifecycleBase.start(LifecycleBase.java:164)
	at org.apache.catalina.startup.Tomcat.start(Tomcat.java:438)
	at org.springframework.boot.web.embedded.tomcat.TomcatWebServer.initialize(TomcatWebServer.java:128)
	at org.springframework.boot.web.embedded.tomcat.TomcatWebServer.<init>(TomcatWebServer.java:107)
	at org.springframework.boot.web.embedded.tomcat.TomcatServletWebServerFactory.getTomcatWebServer(TomcatServletWebServerFactory.java:517)
	at org.springframework.boot.web.embedded.tomcat.TomcatServletWebServerFactory.getWebServer(TomcatServletWebServerFactory.java:219)
	at org.springframework.boot.web.servlet.context.ServletWebServerApplicationContext.createWebServer(ServletWebServerApplicationContext.java:193)
	at org.springframework.boot.web.servlet.context.ServletWebServerApplicationContext.onRefresh(ServletWebServerApplicationContext.java:167)
	at org.springframework.context.support.AbstractApplicationContext.refresh(AbstractApplicationContext.java:621)
	at org.springframework.boot.web.servlet.context.ServletWebServerApplicationContext.refresh(ServletWebServerApplicationContext.java:146)
	at org.springframework.boot.SpringApplication.refresh(SpringApplication.java:753)
	at org.springframework.boot.SpringApplication.refreshContext(SpringApplication.java:439)
	at org.springframework.boot.SpringApplication.run(SpringApplication.java:318)
	at org.springframework.boot.SpringApplication.run(SpringApplication.java:1362)
	at org.springframework.boot.SpringApplication.run(SpringApplication.java:1351)
	at gr.aueb.cf.schoolapp.SchoolAppApplication.main(SchoolAppApplication.java:12)
2025-06-15 17:15:18 DEBUG com.zaxxer.hikari.HikariConfig - Driver class com.mysql.cj.jdbc.Driver found in Thread context class loader TomcatEmbeddedWebappClassLoader
  context: ROOT
  delegate: true
----------> Parent Classloader:
jdk.internal.loader.ClassLoaders$AppClassLoader@73d16e93

2025-06-15 17:15:18 DEBUG com.zaxxer.hikari.HikariConfig - HikariPool-1 - configuration:
2025-06-15 17:15:18 DEBUG com.zaxxer.hikari.HikariConfig - allowPoolSuspension.............false
2025-06-15 17:15:18 DEBUG com.zaxxer.hikari.HikariConfig - autoCommit......................true
2025-06-15 17:15:18 DEBUG com.zaxxer.hikari.HikariConfig - catalog.........................none
2025-06-15 17:15:18 DEBUG com.zaxxer.hikari.HikariConfig - connectionInitSql...............none
2025-06-15 17:15:18 DEBUG com.zaxxer.hikari.HikariConfig - connectionTestQuery.............none
2025-06-15 17:15:18 DEBUG com.zaxxer.hikari.HikariConfig - connectionTimeout...............30000
2025-06-15 17:15:18 DEBUG com.zaxxer.hikari.HikariConfig - dataSource......................none
2025-06-15 17:15:18 DEBUG com.zaxxer.hikari.HikariConfig - dataSourceClassName.............none
2025-06-15 17:15:18 DEBUG com.zaxxer.hikari.HikariConfig - dataSourceJNDI..................none
2025-06-15 17:15:18 DEBUG com.zaxxer.hikari.HikariConfig - dataSourceProperties............{password=<masked>}
2025-06-15 17:15:18 DEBUG com.zaxxer.hikari.HikariConfig - driverClassName................."com.mysql.cj.jdbc.Driver"
2025-06-15 17:15:18 DEBUG com.zaxxer.hikari.HikariConfig - exceptionOverrideClassName......none
2025-06-15 17:15:18 DEBUG com.zaxxer.hikari.HikariConfig - healthCheckProperties...........{}
2025-06-15 17:15:18 DEBUG com.zaxxer.hikari.HikariConfig - healthCheckRegistry.............none
2025-06-15 17:15:18 DEBUG com.zaxxer.hikari.HikariConfig - idleTimeout.....................600000
2025-06-15 17:15:18 DEBUG com.zaxxer.hikari.HikariConfig - initializationFailTimeout.......1
2025-06-15 17:15:18 DEBUG com.zaxxer.hikari.HikariConfig - isolateInternalQueries..........false
2025-06-15 17:15:18 DEBUG com.zaxxer.hikari.HikariConfig - jdbcUrl.........................jdbc:mysql://localhost:3306/springteacher7db?serverTimezone=UTC#
2025-06-15 17:15:18 DEBUG com.zaxxer.hikari.HikariConfig - keepaliveTime...................0
2025-06-15 17:15:18 DEBUG com.zaxxer.hikari.HikariConfig - leakDetectionThreshold..........0
2025-06-15 17:15:18 DEBUG com.zaxxer.hikari.HikariConfig - maxLifetime.....................1800000
2025-06-15 17:15:18 DEBUG com.zaxxer.hikari.HikariConfig - maximumPoolSize.................10
2025-06-15 17:15:18 DEBUG com.zaxxer.hikari.HikariConfig - metricRegistry..................none
2025-06-15 17:15:18 DEBUG com.zaxxer.hikari.HikariConfig - metricsTrackerFactory...........none
2025-06-15 17:15:18 DEBUG com.zaxxer.hikari.HikariConfig - minimumIdle.....................10
2025-06-15 17:15:18 DEBUG com.zaxxer.hikari.HikariConfig - password........................<masked>
2025-06-15 17:15:18 DEBUG com.zaxxer.hikari.HikariConfig - poolName........................"HikariPool-1"
2025-06-15 17:15:18 DEBUG com.zaxxer.hikari.HikariConfig - readOnly........................false
2025-06-15 17:15:18 DEBUG com.zaxxer.hikari.HikariConfig - registerMbeans..................false
2025-06-15 17:15:18 DEBUG com.zaxxer.hikari.HikariConfig - scheduledExecutor...............none
2025-06-15 17:15:18 DEBUG com.zaxxer.hikari.HikariConfig - schema..........................none
2025-06-15 17:15:18 DEBUG com.zaxxer.hikari.HikariConfig - threadFactory...................internal
2025-06-15 17:15:18 DEBUG com.zaxxer.hikari.HikariConfig - transactionIsolation............default
2025-06-15 17:15:18 DEBUG com.zaxxer.hikari.HikariConfig - username........................"springuser"
2025-06-15 17:15:18 DEBUG com.zaxxer.hikari.HikariConfig - validationTimeout...............5000
2025-06-15 17:15:18 INFO  com.zaxxer.hikari.HikariDataSource - HikariPool-1 - Starting...
2025-06-15 17:15:19 INFO  com.zaxxer.hikari.pool.HikariPool - HikariPool-1 - Added connection com.mysql.cj.jdbc.ConnectionImpl@57bac3f0
2025-06-15 17:15:19 INFO  com.zaxxer.hikari.HikariDataSource - HikariPool-1 - Start completed.
2025-06-15 17:15:19 DEBUG com.zaxxer.hikari.pool.HikariPool - HikariPool-1 - Pool stats (total=1, active=0, idle=1, waiting=0)
2025-06-15 17:15:19 DEBUG com.zaxxer.hikari.pool.HikariPool - HikariPool-1 - Added connection com.mysql.cj.jdbc.ConnectionImpl@77ecaf46
2025-06-15 17:15:19 DEBUG com.zaxxer.hikari.pool.HikariPool - HikariPool-1 - After adding stats (total=2, active=0, idle=2, waiting=0)
2025-06-15 17:15:19 DEBUG com.zaxxer.hikari.pool.HikariPool - HikariPool-1 - Added connection com.mysql.cj.jdbc.ConnectionImpl@17c35009
2025-06-15 17:15:19 DEBUG com.zaxxer.hikari.pool.HikariPool - HikariPool-1 - After adding stats (total=3, active=0, idle=3, waiting=0)
2025-06-15 17:15:19 DEBUG com.zaxxer.hikari.pool.HikariPool - HikariPool-1 - Added connection com.mysql.cj.jdbc.ConnectionImpl@21f0e2ed
2025-06-15 17:15:19 DEBUG com.zaxxer.hikari.pool.HikariPool - HikariPool-1 - After adding stats (total=4, active=0, idle=4, waiting=0)
2025-06-15 17:15:19 DEBUG com.zaxxer.hikari.pool.HikariPool - HikariPool-1 - Added connection com.mysql.cj.jdbc.ConnectionImpl@138d2b7b
2025-06-15 17:15:19 DEBUG com.zaxxer.hikari.pool.HikariPool - HikariPool-1 - After adding stats (total=5, active=0, idle=5, waiting=0)
2025-06-15 17:15:19 DEBUG com.zaxxer.hikari.pool.HikariPool - HikariPool-1 - Added connection com.mysql.cj.jdbc.ConnectionImpl@55f13ab4
2025-06-15 17:15:19 DEBUG com.zaxxer.hikari.pool.HikariPool - HikariPool-1 - After adding stats (total=6, active=0, idle=6, waiting=0)
2025-06-15 17:15:19 DEBUG com.zaxxer.hikari.pool.HikariPool - HikariPool-1 - Added connection com.mysql.cj.jdbc.ConnectionImpl@2a8622d6
2025-06-15 17:15:19 DEBUG com.zaxxer.hikari.pool.HikariPool - HikariPool-1 - After adding stats (total=7, active=0, idle=7, waiting=0)
2025-06-15 17:15:19 DEBUG com.zaxxer.hikari.pool.HikariPool - HikariPool-1 - Added connection com.mysql.cj.jdbc.ConnectionImpl@7f20e0d
2025-06-15 17:15:19 DEBUG com.zaxxer.hikari.pool.HikariPool - HikariPool-1 - After adding stats (total=8, active=0, idle=8, waiting=0)
2025-06-15 17:15:19 DEBUG com.zaxxer.hikari.pool.HikariPool - HikariPool-1 - Added connection com.mysql.cj.jdbc.ConnectionImpl@1cb9195f
2025-06-15 17:15:19 DEBUG com.zaxxer.hikari.pool.HikariPool - HikariPool-1 - After adding stats (total=9, active=0, idle=9, waiting=0)
2025-06-15 17:15:19 DEBUG com.zaxxer.hikari.pool.HikariPool - HikariPool-1 - Added connection com.mysql.cj.jdbc.ConnectionImpl@5f28706
2025-06-15 17:15:19 DEBUG com.zaxxer.hikari.pool.HikariPool - HikariPool-1 - After adding stats (total=10, active=0, idle=10, waiting=0)
2025-06-15 17:15:21 INFO  com.zaxxer.hikari.HikariDataSource - HikariPool-1 - Shutdown initiated...
2025-06-15 17:15:21 DEBUG com.zaxxer.hikari.pool.HikariPool - HikariPool-1 - Before shutdown stats (total=10, active=0, idle=10, waiting=0)
2025-06-15 17:15:21 DEBUG com.zaxxer.hikari.pool.PoolBase - HikariPool-1 - Closing connection com.mysql.cj.jdbc.ConnectionImpl@57bac3f0: (connection evicted)
2025-06-15 17:15:21 DEBUG com.zaxxer.hikari.pool.PoolBase - HikariPool-1 - Closing connection com.mysql.cj.jdbc.ConnectionImpl@77ecaf46: (connection evicted)
2025-06-15 17:15:21 DEBUG com.zaxxer.hikari.pool.PoolBase - HikariPool-1 - Closing connection com.mysql.cj.jdbc.ConnectionImpl@17c35009: (connection evicted)
2025-06-15 17:15:21 DEBUG com.zaxxer.hikari.pool.PoolBase - HikariPool-1 - Closing connection com.mysql.cj.jdbc.ConnectionImpl@21f0e2ed: (connection evicted)
2025-06-15 17:15:21 DEBUG com.zaxxer.hikari.pool.PoolBase - HikariPool-1 - Closing connection com.mysql.cj.jdbc.ConnectionImpl@138d2b7b: (connection evicted)
2025-06-15 17:15:21 DEBUG com.zaxxer.hikari.pool.PoolBase - HikariPool-1 - Closing connection com.mysql.cj.jdbc.ConnectionImpl@55f13ab4: (connection evicted)
2025-06-15 17:15:21 DEBUG com.zaxxer.hikari.pool.PoolBase - HikariPool-1 - Closing connection com.mysql.cj.jdbc.ConnectionImpl@2a8622d6: (connection evicted)
2025-06-15 17:15:21 DEBUG com.zaxxer.hikari.pool.PoolBase - HikariPool-1 - Closing connection com.mysql.cj.jdbc.ConnectionImpl@7f20e0d: (connection evicted)
2025-06-15 17:15:21 DEBUG com.zaxxer.hikari.pool.PoolBase - HikariPool-1 - Closing connection com.mysql.cj.jdbc.ConnectionImpl@1cb9195f: (connection evicted)
2025-06-15 17:15:21 DEBUG com.zaxxer.hikari.pool.PoolBase - HikariPool-1 - Closing connection com.mysql.cj.jdbc.ConnectionImpl@5f28706: (connection evicted)
2025-06-15 17:15:21 DEBUG com.zaxxer.hikari.pool.HikariPool - HikariPool-1 - After shutdown stats (total=0, active=0, idle=0, waiting=0)
2025-06-15 17:15:21 INFO  com.zaxxer.hikari.HikariDataSource - HikariPool-1 - Shutdown completed.
2025-06-15 17:16:55 DEBUG com.zaxxer.hikari.HikariConfig - Driver class com.mysql.cj.jdbc.Driver found in Thread context class loader TomcatEmbeddedWebappClassLoader
  context: ROOT
  delegate: true
----------> Parent Classloader:
jdk.internal.loader.ClassLoaders$AppClassLoader@73d16e93

2025-06-15 17:16:55 DEBUG com.zaxxer.hikari.HikariConfig - HikariPool-1 - configuration:
2025-06-15 17:16:55 DEBUG com.zaxxer.hikari.HikariConfig - allowPoolSuspension.............false
2025-06-15 17:16:55 DEBUG com.zaxxer.hikari.HikariConfig - autoCommit......................true
2025-06-15 17:16:55 DEBUG com.zaxxer.hikari.HikariConfig - catalog.........................none
2025-06-15 17:16:55 DEBUG com.zaxxer.hikari.HikariConfig - connectionInitSql...............none
2025-06-15 17:16:55 DEBUG com.zaxxer.hikari.HikariConfig - connectionTestQuery.............none
2025-06-15 17:16:55 DEBUG com.zaxxer.hikari.HikariConfig - connectionTimeout...............30000
2025-06-15 17:16:55 DEBUG com.zaxxer.hikari.HikariConfig - dataSource......................none
2025-06-15 17:16:55 DEBUG com.zaxxer.hikari.HikariConfig - dataSourceClassName.............none
2025-06-15 17:16:55 DEBUG com.zaxxer.hikari.HikariConfig - dataSourceJNDI..................none
2025-06-15 17:16:55 DEBUG com.zaxxer.hikari.HikariConfig - dataSourceProperties............{password=<masked>}
2025-06-15 17:16:55 DEBUG com.zaxxer.hikari.HikariConfig - driverClassName................."com.mysql.cj.jdbc.Driver"
2025-06-15 17:16:55 DEBUG com.zaxxer.hikari.HikariConfig - exceptionOverrideClassName......none
2025-06-15 17:16:55 DEBUG com.zaxxer.hikari.HikariConfig - healthCheckProperties...........{}
2025-06-15 17:16:55 DEBUG com.zaxxer.hikari.HikariConfig - healthCheckRegistry.............none
2025-06-15 17:16:55 DEBUG com.zaxxer.hikari.HikariConfig - idleTimeout.....................600000
2025-06-15 17:16:55 DEBUG com.zaxxer.hikari.HikariConfig - initializationFailTimeout.......1
2025-06-15 17:16:55 DEBUG com.zaxxer.hikari.HikariConfig - isolateInternalQueries..........false
2025-06-15 17:16:55 DEBUG com.zaxxer.hikari.HikariConfig - jdbcUrl.........................jdbc:mysql://localhost:3306/springteacher7db?serverTimezone=UTC#
2025-06-15 17:16:55 DEBUG com.zaxxer.hikari.HikariConfig - keepaliveTime...................0
2025-06-15 17:16:55 DEBUG com.zaxxer.hikari.HikariConfig - leakDetectionThreshold..........0
2025-06-15 17:16:55 DEBUG com.zaxxer.hikari.HikariConfig - maxLifetime.....................1800000
2025-06-15 17:16:55 DEBUG com.zaxxer.hikari.HikariConfig - maximumPoolSize.................10
2025-06-15 17:16:55 DEBUG com.zaxxer.hikari.HikariConfig - metricRegistry..................none
2025-06-15 17:16:55 DEBUG com.zaxxer.hikari.HikariConfig - metricsTrackerFactory...........none
2025-06-15 17:16:55 DEBUG com.zaxxer.hikari.HikariConfig - minimumIdle.....................10
2025-06-15 17:16:55 DEBUG com.zaxxer.hikari.HikariConfig - password........................<masked>
2025-06-15 17:16:55 DEBUG com.zaxxer.hikari.HikariConfig - poolName........................"HikariPool-1"
2025-06-15 17:16:55 DEBUG com.zaxxer.hikari.HikariConfig - readOnly........................false
2025-06-15 17:16:55 DEBUG com.zaxxer.hikari.HikariConfig - registerMbeans..................false
2025-06-15 17:16:55 DEBUG com.zaxxer.hikari.HikariConfig - scheduledExecutor...............none
2025-06-15 17:16:55 DEBUG com.zaxxer.hikari.HikariConfig - schema..........................none
2025-06-15 17:16:55 DEBUG com.zaxxer.hikari.HikariConfig - threadFactory...................internal
2025-06-15 17:16:55 DEBUG com.zaxxer.hikari.HikariConfig - transactionIsolation............default
2025-06-15 17:16:55 DEBUG com.zaxxer.hikari.HikariConfig - username........................"springuser"
2025-06-15 17:16:55 DEBUG com.zaxxer.hikari.HikariConfig - validationTimeout...............5000
2025-06-15 17:16:55 INFO  com.zaxxer.hikari.HikariDataSource - HikariPool-1 - Starting...
2025-06-15 17:16:56 INFO  com.zaxxer.hikari.pool.HikariPool - HikariPool-1 - Added connection com.mysql.cj.jdbc.ConnectionImpl@61d42275
2025-06-15 17:16:56 INFO  com.zaxxer.hikari.HikariDataSource - HikariPool-1 - Start completed.
2025-06-15 17:16:56 DEBUG com.zaxxer.hikari.pool.HikariPool - HikariPool-1 - Pool stats (total=1, active=0, idle=1, waiting=0)
2025-06-15 17:16:56 DEBUG com.zaxxer.hikari.pool.HikariPool - HikariPool-1 - Added connection com.mysql.cj.jdbc.ConnectionImpl@6e46eed0
2025-06-15 17:16:56 DEBUG com.zaxxer.hikari.pool.HikariPool - HikariPool-1 - After adding stats (total=2, active=0, idle=2, waiting=0)
2025-06-15 17:16:56 DEBUG com.zaxxer.hikari.pool.HikariPool - HikariPool-1 - Added connection com.mysql.cj.jdbc.ConnectionImpl@e69119f
2025-06-15 17:16:56 DEBUG com.zaxxer.hikari.pool.HikariPool - HikariPool-1 - After adding stats (total=3, active=0, idle=3, waiting=0)
2025-06-15 17:16:56 DEBUG com.zaxxer.hikari.pool.HikariPool - HikariPool-1 - Added connection com.mysql.cj.jdbc.ConnectionImpl@197f0e12
2025-06-15 17:16:56 DEBUG com.zaxxer.hikari.pool.HikariPool - HikariPool-1 - After adding stats (total=4, active=0, idle=4, waiting=0)
2025-06-15 17:16:56 DEBUG com.zaxxer.hikari.pool.HikariPool - HikariPool-1 - Added connection com.mysql.cj.jdbc.ConnectionImpl@a27eb57
2025-06-15 17:16:56 DEBUG com.zaxxer.hikari.pool.HikariPool - HikariPool-1 - After adding stats (total=5, active=0, idle=5, waiting=0)
2025-06-15 17:16:56 DEBUG com.zaxxer.hikari.pool.HikariPool - HikariPool-1 - Added connection com.mysql.cj.jdbc.ConnectionImpl@5bc5dc5a
2025-06-15 17:16:56 DEBUG com.zaxxer.hikari.pool.HikariPool - HikariPool-1 - After adding stats (total=6, active=0, idle=6, waiting=0)
2025-06-15 17:16:56 DEBUG com.zaxxer.hikari.pool.HikariPool - HikariPool-1 - Added connection com.mysql.cj.jdbc.ConnectionImpl@597e86a
2025-06-15 17:16:56 DEBUG com.zaxxer.hikari.pool.HikariPool - HikariPool-1 - After adding stats (total=7, active=0, idle=7, waiting=0)
2025-06-15 17:16:56 DEBUG com.zaxxer.hikari.pool.HikariPool - HikariPool-1 - Added connection com.mysql.cj.jdbc.ConnectionImpl@105a627e
2025-06-15 17:16:56 DEBUG com.zaxxer.hikari.pool.HikariPool - HikariPool-1 - After adding stats (total=8, active=0, idle=8, waiting=0)
2025-06-15 17:16:56 DEBUG com.zaxxer.hikari.pool.HikariPool - HikariPool-1 - Added connection com.mysql.cj.jdbc.ConnectionImpl@6426a373
2025-06-15 17:16:56 DEBUG com.zaxxer.hikari.pool.HikariPool - HikariPool-1 - After adding stats (total=9, active=0, idle=9, waiting=0)
2025-06-15 17:16:56 DEBUG com.zaxxer.hikari.pool.HikariPool - HikariPool-1 - Added connection com.mysql.cj.jdbc.ConnectionImpl@af557b
2025-06-15 17:16:56 DEBUG com.zaxxer.hikari.pool.HikariPool - HikariPool-1 - After adding stats (total=10, active=0, idle=10, waiting=0)
2025-06-15 17:16:57 INFO  com.zaxxer.hikari.HikariDataSource - HikariPool-1 - Shutdown initiated...
2025-06-15 17:16:57 DEBUG com.zaxxer.hikari.pool.HikariPool - HikariPool-1 - Before shutdown stats (total=10, active=0, idle=10, waiting=0)
2025-06-15 17:16:57 DEBUG com.zaxxer.hikari.pool.PoolBase - HikariPool-1 - Closing connection com.mysql.cj.jdbc.ConnectionImpl@61d42275: (connection evicted)
2025-06-15 17:16:57 DEBUG com.zaxxer.hikari.pool.PoolBase - HikariPool-1 - Closing connection com.mysql.cj.jdbc.ConnectionImpl@6e46eed0: (connection evicted)
2025-06-15 17:16:57 DEBUG com.zaxxer.hikari.pool.PoolBase - HikariPool-1 - Closing connection com.mysql.cj.jdbc.ConnectionImpl@e69119f: (connection evicted)
2025-06-15 17:16:57 DEBUG com.zaxxer.hikari.pool.PoolBase - HikariPool-1 - Closing connection com.mysql.cj.jdbc.ConnectionImpl@197f0e12: (connection evicted)
2025-06-15 17:16:57 DEBUG com.zaxxer.hikari.pool.PoolBase - HikariPool-1 - Closing connection com.mysql.cj.jdbc.ConnectionImpl@a27eb57: (connection evicted)
2025-06-15 17:16:57 DEBUG com.zaxxer.hikari.pool.PoolBase - HikariPool-1 - Closing connection com.mysql.cj.jdbc.ConnectionImpl@5bc5dc5a: (connection evicted)
2025-06-15 17:16:57 DEBUG com.zaxxer.hikari.pool.PoolBase - HikariPool-1 - Closing connection com.mysql.cj.jdbc.ConnectionImpl@597e86a: (connection evicted)
2025-06-15 17:16:57 DEBUG com.zaxxer.hikari.pool.PoolBase - HikariPool-1 - Closing connection com.mysql.cj.jdbc.ConnectionImpl@105a627e: (connection evicted)
2025-06-15 17:16:57 DEBUG com.zaxxer.hikari.pool.PoolBase - HikariPool-1 - Closing connection com.mysql.cj.jdbc.ConnectionImpl@6426a373: (connection evicted)
2025-06-15 17:16:57 DEBUG com.zaxxer.hikari.pool.PoolBase - HikariPool-1 - Closing connection com.mysql.cj.jdbc.ConnectionImpl@af557b: (connection evicted)
2025-06-15 17:16:57 DEBUG com.zaxxer.hikari.pool.HikariPool - HikariPool-1 - After shutdown stats (total=0, active=0, idle=0, waiting=0)
2025-06-15 17:16:57 INFO  com.zaxxer.hikari.HikariDataSource - HikariPool-1 - Shutdown completed.
2025-06-15 17:18:24 DEBUG com.zaxxer.hikari.HikariConfig - Driver class com.mysql.cj.jdbc.Driver found in Thread context class loader TomcatEmbeddedWebappClassLoader
  context: ROOT
  delegate: true
----------> Parent Classloader:
jdk.internal.loader.ClassLoaders$AppClassLoader@73d16e93

2025-06-15 17:18:25 DEBUG com.zaxxer.hikari.HikariConfig - HikariPool-1 - configuration:
2025-06-15 17:18:25 DEBUG com.zaxxer.hikari.HikariConfig - allowPoolSuspension.............false
2025-06-15 17:18:25 DEBUG com.zaxxer.hikari.HikariConfig - autoCommit......................true
2025-06-15 17:18:25 DEBUG com.zaxxer.hikari.HikariConfig - catalog.........................none
2025-06-15 17:18:25 DEBUG com.zaxxer.hikari.HikariConfig - connectionInitSql...............none
2025-06-15 17:18:25 DEBUG com.zaxxer.hikari.HikariConfig - connectionTestQuery.............none
2025-06-15 17:18:25 DEBUG com.zaxxer.hikari.HikariConfig - connectionTimeout...............30000
2025-06-15 17:18:25 DEBUG com.zaxxer.hikari.HikariConfig - dataSource......................none
2025-06-15 17:18:25 DEBUG com.zaxxer.hikari.HikariConfig - dataSourceClassName.............none
2025-06-15 17:18:25 DEBUG com.zaxxer.hikari.HikariConfig - dataSourceJNDI..................none
2025-06-15 17:18:25 DEBUG com.zaxxer.hikari.HikariConfig - dataSourceProperties............{password=<masked>}
2025-06-15 17:18:25 DEBUG com.zaxxer.hikari.HikariConfig - driverClassName................."com.mysql.cj.jdbc.Driver"
2025-06-15 17:18:25 DEBUG com.zaxxer.hikari.HikariConfig - exceptionOverrideClassName......none
2025-06-15 17:18:25 DEBUG com.zaxxer.hikari.HikariConfig - healthCheckProperties...........{}
2025-06-15 17:18:25 DEBUG com.zaxxer.hikari.HikariConfig - healthCheckRegistry.............none
2025-06-15 17:18:25 DEBUG com.zaxxer.hikari.HikariConfig - idleTimeout.....................600000
2025-06-15 17:18:25 DEBUG com.zaxxer.hikari.HikariConfig - initializationFailTimeout.......1
2025-06-15 17:18:25 DEBUG com.zaxxer.hikari.HikariConfig - isolateInternalQueries..........false
2025-06-15 17:18:25 DEBUG com.zaxxer.hikari.HikariConfig - jdbcUrl.........................jdbc:mysql://localhost:3306/springteacher7db?serverTimezone=UTC#
2025-06-15 17:18:25 DEBUG com.zaxxer.hikari.HikariConfig - keepaliveTime...................0
2025-06-15 17:18:25 DEBUG com.zaxxer.hikari.HikariConfig - leakDetectionThreshold..........0
2025-06-15 17:18:25 DEBUG com.zaxxer.hikari.HikariConfig - maxLifetime.....................1800000
2025-06-15 17:18:25 DEBUG com.zaxxer.hikari.HikariConfig - maximumPoolSize.................10
2025-06-15 17:18:25 DEBUG com.zaxxer.hikari.HikariConfig - metricRegistry..................none
2025-06-15 17:18:25 DEBUG com.zaxxer.hikari.HikariConfig - metricsTrackerFactory...........none
2025-06-15 17:18:25 DEBUG com.zaxxer.hikari.HikariConfig - minimumIdle.....................10
2025-06-15 17:18:25 DEBUG com.zaxxer.hikari.HikariConfig - password........................<masked>
2025-06-15 17:18:25 DEBUG com.zaxxer.hikari.HikariConfig - poolName........................"HikariPool-1"
2025-06-15 17:18:25 DEBUG com.zaxxer.hikari.HikariConfig - readOnly........................false
2025-06-15 17:18:25 DEBUG com.zaxxer.hikari.HikariConfig - registerMbeans..................false
2025-06-15 17:18:25 DEBUG com.zaxxer.hikari.HikariConfig - scheduledExecutor...............none
2025-06-15 17:18:25 DEBUG com.zaxxer.hikari.HikariConfig - schema..........................none
2025-06-15 17:18:25 DEBUG com.zaxxer.hikari.HikariConfig - threadFactory...................internal
2025-06-15 17:18:25 DEBUG com.zaxxer.hikari.HikariConfig - transactionIsolation............default
2025-06-15 17:18:25 DEBUG com.zaxxer.hikari.HikariConfig - username........................"springuser"
2025-06-15 17:18:25 DEBUG com.zaxxer.hikari.HikariConfig - validationTimeout...............5000
2025-06-15 17:18:25 INFO  com.zaxxer.hikari.HikariDataSource - HikariPool-1 - Starting...
2025-06-15 17:18:25 INFO  com.zaxxer.hikari.pool.HikariPool - HikariPool-1 - Added connection com.mysql.cj.jdbc.ConnectionImpl@46fb9581
2025-06-15 17:18:25 INFO  com.zaxxer.hikari.HikariDataSource - HikariPool-1 - Start completed.
2025-06-15 17:18:25 DEBUG com.zaxxer.hikari.pool.HikariPool - HikariPool-1 - Pool stats (total=1, active=0, idle=1, waiting=0)
2025-06-15 17:18:25 DEBUG com.zaxxer.hikari.pool.HikariPool - HikariPool-1 - Added connection com.mysql.cj.jdbc.ConnectionImpl@65342b4f
2025-06-15 17:18:25 DEBUG com.zaxxer.hikari.pool.HikariPool - HikariPool-1 - After adding stats (total=2, active=0, idle=2, waiting=0)
2025-06-15 17:18:25 DEBUG com.zaxxer.hikari.pool.HikariPool - HikariPool-1 - Added connection com.mysql.cj.jdbc.ConnectionImpl@51bd400
2025-06-15 17:18:25 DEBUG com.zaxxer.hikari.pool.HikariPool - HikariPool-1 - After adding stats (total=3, active=0, idle=3, waiting=0)
2025-06-15 17:18:25 DEBUG com.zaxxer.hikari.pool.HikariPool - HikariPool-1 - Added connection com.mysql.cj.jdbc.ConnectionImpl@14c3d2a3
2025-06-15 17:18:25 DEBUG com.zaxxer.hikari.pool.HikariPool - HikariPool-1 - After adding stats (total=4, active=0, idle=4, waiting=0)
2025-06-15 17:18:25 DEBUG com.zaxxer.hikari.pool.HikariPool - HikariPool-1 - Added connection com.mysql.cj.jdbc.ConnectionImpl@155ada2
2025-06-15 17:18:25 DEBUG com.zaxxer.hikari.pool.HikariPool - HikariPool-1 - After adding stats (total=5, active=0, idle=5, waiting=0)
2025-06-15 17:18:25 DEBUG com.zaxxer.hikari.pool.HikariPool - HikariPool-1 - Added connection com.mysql.cj.jdbc.ConnectionImpl@45d59f29
2025-06-15 17:18:25 DEBUG com.zaxxer.hikari.pool.HikariPool - HikariPool-1 - After adding stats (total=6, active=0, idle=6, waiting=0)
2025-06-15 17:18:25 DEBUG com.zaxxer.hikari.pool.HikariPool - HikariPool-1 - Added connection com.mysql.cj.jdbc.ConnectionImpl@1d4931de
2025-06-15 17:18:25 DEBUG com.zaxxer.hikari.pool.HikariPool - HikariPool-1 - After adding stats (total=7, active=0, idle=7, waiting=0)
2025-06-15 17:18:25 DEBUG com.zaxxer.hikari.pool.HikariPool - HikariPool-1 - Added connection com.mysql.cj.jdbc.ConnectionImpl@73579468
2025-06-15 17:18:25 DEBUG com.zaxxer.hikari.pool.HikariPool - HikariPool-1 - After adding stats (total=8, active=0, idle=8, waiting=0)
2025-06-15 17:18:25 DEBUG com.zaxxer.hikari.pool.HikariPool - HikariPool-1 - Added connection com.mysql.cj.jdbc.ConnectionImpl@7bd2a1fd
2025-06-15 17:18:25 DEBUG com.zaxxer.hikari.pool.HikariPool - HikariPool-1 - After adding stats (total=9, active=0, idle=9, waiting=0)
2025-06-15 17:18:25 DEBUG com.zaxxer.hikari.pool.HikariPool - HikariPool-1 - Added connection com.mysql.cj.jdbc.ConnectionImpl@3d142866
2025-06-15 17:18:25 DEBUG com.zaxxer.hikari.pool.HikariPool - HikariPool-1 - After adding stats (total=10, active=0, idle=10, waiting=0)
2025-06-15 17:18:55 DEBUG com.zaxxer.hikari.pool.HikariPool - HikariPool-1 - Pool stats (total=10, active=0, idle=10, waiting=0)
2025-06-15 17:18:55 DEBUG com.zaxxer.hikari.pool.HikariPool - HikariPool-1 - Fill pool skipped, pool has sufficient level or currently being filled.
2025-06-15 17:19:25 DEBUG com.zaxxer.hikari.pool.HikariPool - HikariPool-1 - Pool stats (total=10, active=0, idle=10, waiting=0)
2025-06-15 17:19:25 DEBUG com.zaxxer.hikari.pool.HikariPool - HikariPool-1 - Fill pool skipped, pool has sufficient level or currently being filled.
2025-06-15 17:19:55 DEBUG com.zaxxer.hikari.pool.HikariPool - HikariPool-1 - Pool stats (total=10, active=0, idle=10, waiting=0)
2025-06-15 17:19:55 DEBUG com.zaxxer.hikari.pool.HikariPool - HikariPool-1 - Fill pool skipped, pool has sufficient level or currently being filled.
2025-06-15 17:20:25 DEBUG com.zaxxer.hikari.pool.HikariPool - HikariPool-1 - Pool stats (total=10, active=0, idle=10, waiting=0)
2025-06-15 17:20:25 DEBUG com.zaxxer.hikari.pool.HikariPool - HikariPool-1 - Fill pool skipped, pool has sufficient level or currently being filled.
2025-06-15 17:20:55 DEBUG com.zaxxer.hikari.pool.HikariPool - HikariPool-1 - Pool stats (total=10, active=0, idle=10, waiting=0)
2025-06-15 17:20:55 DEBUG com.zaxxer.hikari.pool.HikariPool - HikariPool-1 - Fill pool skipped, pool has sufficient level or currently being filled.
2025-06-15 17:21:25 DEBUG com.zaxxer.hikari.pool.HikariPool - HikariPool-1 - Pool stats (total=10, active=0, idle=10, waiting=0)
2025-06-15 17:21:25 DEBUG com.zaxxer.hikari.pool.HikariPool - HikariPool-1 - Fill pool skipped, pool has sufficient level or currently being filled.
2025-06-15 17:21:55 DEBUG com.zaxxer.hikari.pool.HikariPool - HikariPool-1 - Pool stats (total=10, active=0, idle=10, waiting=0)
2025-06-15 17:21:55 DEBUG com.zaxxer.hikari.pool.HikariPool - HikariPool-1 - Fill pool skipped, pool has sufficient level or currently being filled.
2025-06-15 17:22:25 DEBUG com.zaxxer.hikari.pool.HikariPool - HikariPool-1 - Pool stats (total=10, active=0, idle=10, waiting=0)
2025-06-15 17:22:25 DEBUG com.zaxxer.hikari.pool.HikariPool - HikariPool-1 - Fill pool skipped, pool has sufficient level or currently being filled.
2025-06-15 17:22:55 DEBUG com.zaxxer.hikari.pool.HikariPool - HikariPool-1 - Pool stats (total=10, active=0, idle=10, waiting=0)
2025-06-15 17:22:55 DEBUG com.zaxxer.hikari.pool.HikariPool - HikariPool-1 - Fill pool skipped, pool has sufficient level or currently being filled.
2025-06-15 17:23:25 DEBUG com.zaxxer.hikari.pool.HikariPool - HikariPool-1 - Pool stats (total=10, active=0, idle=10, waiting=0)
2025-06-15 17:23:25 DEBUG com.zaxxer.hikari.pool.HikariPool - HikariPool-1 - Fill pool skipped, pool has sufficient level or currently being filled.
2025-06-15 17:23:55 DEBUG com.zaxxer.hikari.pool.HikariPool - HikariPool-1 - Pool stats (total=10, active=0, idle=10, waiting=0)
2025-06-15 17:23:55 DEBUG com.zaxxer.hikari.pool.HikariPool - HikariPool-1 - Fill pool skipped, pool has sufficient level or currently being filled.
2025-06-15 17:24:25 DEBUG com.zaxxer.hikari.pool.HikariPool - HikariPool-1 - Pool stats (total=10, active=0, idle=10, waiting=0)
2025-06-15 17:24:25 DEBUG com.zaxxer.hikari.pool.HikariPool - HikariPool-1 - Fill pool skipped, pool has sufficient level or currently being filled.
2025-06-15 17:24:55 DEBUG com.zaxxer.hikari.pool.HikariPool - HikariPool-1 - Pool stats (total=10, active=0, idle=10, waiting=0)
2025-06-15 17:24:55 DEBUG com.zaxxer.hikari.pool.HikariPool - HikariPool-1 - Fill pool skipped, pool has sufficient level or currently being filled.
2025-06-15 17:25:25 DEBUG com.zaxxer.hikari.pool.HikariPool - HikariPool-1 - Pool stats (total=10, active=0, idle=10, waiting=0)
2025-06-15 17:25:25 DEBUG com.zaxxer.hikari.pool.HikariPool - HikariPool-1 - Fill pool skipped, pool has sufficient level or currently being filled.
2025-06-15 17:25:55 DEBUG com.zaxxer.hikari.pool.HikariPool - HikariPool-1 - Pool stats (total=10, active=0, idle=10, waiting=0)
2025-06-15 17:25:55 DEBUG com.zaxxer.hikari.pool.HikariPool - HikariPool-1 - Fill pool skipped, pool has sufficient level or currently being filled.
2025-06-15 17:26:25 DEBUG com.zaxxer.hikari.pool.HikariPool - HikariPool-1 - Pool stats (total=10, active=0, idle=10, waiting=0)
2025-06-15 17:26:25 DEBUG com.zaxxer.hikari.pool.HikariPool - HikariPool-1 - Fill pool skipped, pool has sufficient level or currently being filled.
2025-06-15 17:26:55 DEBUG com.zaxxer.hikari.pool.HikariPool - HikariPool-1 - Pool stats (total=10, active=0, idle=10, waiting=0)
2025-06-15 17:26:55 DEBUG com.zaxxer.hikari.pool.HikariPool - HikariPool-1 - Fill pool skipped, pool has sufficient level or currently being filled.
2025-06-15 17:27:25 DEBUG com.zaxxer.hikari.pool.HikariPool - HikariPool-1 - Pool stats (total=10, active=0, idle=10, waiting=0)
2025-06-15 17:27:25 DEBUG com.zaxxer.hikari.pool.HikariPool - HikariPool-1 - Fill pool skipped, pool has sufficient level or currently being filled.
2025-06-15 17:27:55 DEBUG com.zaxxer.hikari.pool.HikariPool - HikariPool-1 - Pool stats (total=10, active=0, idle=10, waiting=0)
2025-06-15 17:27:55 DEBUG com.zaxxer.hikari.pool.HikariPool - HikariPool-1 - Fill pool skipped, pool has sufficient level or currently being filled.
2025-06-15 17:28:25 DEBUG com.zaxxer.hikari.pool.HikariPool - HikariPool-1 - Pool stats (total=10, active=0, idle=10, waiting=0)
2025-06-15 17:28:25 DEBUG com.zaxxer.hikari.pool.HikariPool - HikariPool-1 - Fill pool skipped, pool has sufficient level or currently being filled.
2025-06-15 17:28:55 DEBUG com.zaxxer.hikari.pool.HikariPool - HikariPool-1 - Pool stats (total=10, active=0, idle=10, waiting=0)
2025-06-15 17:28:55 DEBUG com.zaxxer.hikari.pool.HikariPool - HikariPool-1 - Fill pool skipped, pool has sufficient level or currently being filled.
2025-06-15 17:29:25 DEBUG com.zaxxer.hikari.pool.HikariPool - HikariPool-1 - Pool stats (total=10, active=0, idle=10, waiting=0)
2025-06-15 17:29:25 DEBUG com.zaxxer.hikari.pool.HikariPool - HikariPool-1 - Fill pool skipped, pool has sufficient level or currently being filled.
2025-06-15 17:29:55 DEBUG com.zaxxer.hikari.pool.HikariPool - HikariPool-1 - Pool stats (total=10, active=0, idle=10, waiting=0)
2025-06-15 17:29:55 DEBUG com.zaxxer.hikari.pool.HikariPool - HikariPool-1 - Fill pool skipped, pool has sufficient level or currently being filled.
2025-06-15 17:30:25 DEBUG com.zaxxer.hikari.pool.HikariPool - HikariPool-1 - Pool stats (total=10, active=0, idle=10, waiting=0)
2025-06-15 17:30:25 DEBUG com.zaxxer.hikari.pool.HikariPool - HikariPool-1 - Fill pool skipped, pool has sufficient level or currently being filled.
2025-06-15 17:30:55 DEBUG com.zaxxer.hikari.pool.HikariPool - HikariPool-1 - Pool stats (total=10, active=0, idle=10, waiting=0)
2025-06-15 17:30:55 DEBUG com.zaxxer.hikari.pool.HikariPool - HikariPool-1 - Fill pool skipped, pool has sufficient level or currently being filled.
2025-06-15 17:31:25 DEBUG com.zaxxer.hikari.pool.HikariPool - HikariPool-1 - Pool stats (total=10, active=0, idle=10, waiting=0)
2025-06-15 17:31:25 DEBUG com.zaxxer.hikari.pool.HikariPool - HikariPool-1 - Fill pool skipped, pool has sufficient level or currently being filled.
2025-06-15 17:31:55 DEBUG com.zaxxer.hikari.pool.HikariPool - HikariPool-1 - Pool stats (total=10, active=0, idle=10, waiting=0)
2025-06-15 17:31:55 DEBUG com.zaxxer.hikari.pool.HikariPool - HikariPool-1 - Fill pool skipped, pool has sufficient level or currently being filled.
2025-06-15 17:32:25 DEBUG com.zaxxer.hikari.pool.HikariPool - HikariPool-1 - Pool stats (total=10, active=0, idle=10, waiting=0)
2025-06-15 17:32:25 DEBUG com.zaxxer.hikari.pool.HikariPool - HikariPool-1 - Fill pool skipped, pool has sufficient level or currently being filled.
2025-06-15 17:32:55 DEBUG com.zaxxer.hikari.pool.HikariPool - HikariPool-1 - Pool stats (total=10, active=0, idle=10, waiting=0)
2025-06-15 17:32:55 DEBUG com.zaxxer.hikari.pool.HikariPool - HikariPool-1 - Fill pool skipped, pool has sufficient level or currently being filled.
2025-06-15 17:33:25 DEBUG com.zaxxer.hikari.pool.HikariPool - HikariPool-1 - Pool stats (total=10, active=0, idle=10, waiting=0)
2025-06-15 17:33:25 DEBUG com.zaxxer.hikari.pool.HikariPool - HikariPool-1 - Fill pool skipped, pool has sufficient level or currently being filled.
2025-06-15 17:33:55 DEBUG com.zaxxer.hikari.pool.HikariPool - HikariPool-1 - Pool stats (total=10, active=0, idle=10, waiting=0)
2025-06-15 17:33:55 DEBUG com.zaxxer.hikari.pool.HikariPool - HikariPool-1 - Fill pool skipped, pool has sufficient level or currently being filled.
2025-06-15 17:34:25 DEBUG com.zaxxer.hikari.pool.HikariPool - HikariPool-1 - Pool stats (total=10, active=0, idle=10, waiting=0)
2025-06-15 17:34:25 DEBUG com.zaxxer.hikari.pool.HikariPool - HikariPool-1 - Fill pool skipped, pool has sufficient level or currently being filled.
2025-06-15 17:34:55 DEBUG com.zaxxer.hikari.pool.HikariPool - HikariPool-1 - Pool stats (total=10, active=0, idle=10, waiting=0)
2025-06-15 17:34:55 DEBUG com.zaxxer.hikari.pool.HikariPool - HikariPool-1 - Fill pool skipped, pool has sufficient level or currently being filled.
2025-06-15 17:35:25 DEBUG com.zaxxer.hikari.pool.HikariPool - HikariPool-1 - Pool stats (total=10, active=0, idle=10, waiting=0)
2025-06-15 17:35:25 DEBUG com.zaxxer.hikari.pool.HikariPool - HikariPool-1 - Fill pool skipped, pool has sufficient level or currently being filled.
2025-06-15 17:35:55 DEBUG com.zaxxer.hikari.pool.HikariPool - HikariPool-1 - Pool stats (total=10, active=0, idle=10, waiting=0)
2025-06-15 17:35:55 DEBUG com.zaxxer.hikari.pool.HikariPool - HikariPool-1 - Fill pool skipped, pool has sufficient level or currently being filled.
2025-06-15 17:36:25 DEBUG com.zaxxer.hikari.pool.HikariPool - HikariPool-1 - Pool stats (total=10, active=0, idle=10, waiting=0)
2025-06-15 17:36:25 DEBUG com.zaxxer.hikari.pool.HikariPool - HikariPool-1 - Fill pool skipped, pool has sufficient level or currently being filled.
2025-06-15 17:36:55 DEBUG com.zaxxer.hikari.pool.HikariPool - HikariPool-1 - Pool stats (total=10, active=0, idle=10, waiting=0)
2025-06-15 17:36:55 DEBUG com.zaxxer.hikari.pool.HikariPool - HikariPool-1 - Fill pool skipped, pool has sufficient level or currently being filled.
2025-06-15 17:37:25 DEBUG com.zaxxer.hikari.pool.HikariPool - HikariPool-1 - Pool stats (total=10, active=0, idle=10, waiting=0)
2025-06-15 17:37:25 DEBUG com.zaxxer.hikari.pool.HikariPool - HikariPool-1 - Fill pool skipped, pool has sufficient level or currently being filled.
2025-06-15 17:37:55 DEBUG com.zaxxer.hikari.pool.HikariPool - HikariPool-1 - Pool stats (total=10, active=0, idle=10, waiting=0)
2025-06-15 17:37:55 DEBUG com.zaxxer.hikari.pool.HikariPool - HikariPool-1 - Fill pool skipped, pool has sufficient level or currently being filled.
2025-06-15 17:38:25 DEBUG com.zaxxer.hikari.pool.HikariPool - HikariPool-1 - Pool stats (total=10, active=0, idle=10, waiting=0)
2025-06-15 17:38:25 DEBUG com.zaxxer.hikari.pool.HikariPool - HikariPool-1 - Fill pool skipped, pool has sufficient level or currently being filled.
2025-06-15 17:38:55 DEBUG com.zaxxer.hikari.pool.HikariPool - HikariPool-1 - Pool stats (total=10, active=0, idle=10, waiting=0)
2025-06-15 17:38:55 DEBUG com.zaxxer.hikari.pool.HikariPool - HikariPool-1 - Fill pool skipped, pool has sufficient level or currently being filled.
2025-06-15 17:39:25 DEBUG com.zaxxer.hikari.pool.HikariPool - HikariPool-1 - Pool stats (total=10, active=0, idle=10, waiting=0)
2025-06-15 17:39:25 DEBUG com.zaxxer.hikari.pool.HikariPool - HikariPool-1 - Fill pool skipped, pool has sufficient level or currently being filled.
2025-06-15 17:39:55 DEBUG com.zaxxer.hikari.pool.HikariPool - HikariPool-1 - Pool stats (total=10, active=0, idle=10, waiting=0)
2025-06-15 17:39:55 DEBUG com.zaxxer.hikari.pool.HikariPool - HikariPool-1 - Fill pool skipped, pool has sufficient level or currently being filled.
2025-06-15 17:40:25 DEBUG com.zaxxer.hikari.pool.HikariPool - HikariPool-1 - Pool stats (total=10, active=0, idle=10, waiting=0)
2025-06-15 17:40:25 DEBUG com.zaxxer.hikari.pool.HikariPool - HikariPool-1 - Fill pool skipped, pool has sufficient level or currently being filled.
2025-06-15 17:40:55 DEBUG com.zaxxer.hikari.pool.HikariPool - HikariPool-1 - Pool stats (total=10, active=0, idle=10, waiting=0)
2025-06-15 17:40:55 DEBUG com.zaxxer.hikari.pool.HikariPool - HikariPool-1 - Fill pool skipped, pool has sufficient level or currently being filled.
2025-06-15 17:41:25 DEBUG com.zaxxer.hikari.pool.HikariPool - HikariPool-1 - Pool stats (total=10, active=0, idle=10, waiting=0)
2025-06-15 17:41:25 DEBUG com.zaxxer.hikari.pool.HikariPool - HikariPool-1 - Fill pool skipped, pool has sufficient level or currently being filled.
2025-06-15 17:41:55 DEBUG com.zaxxer.hikari.pool.HikariPool - HikariPool-1 - Pool stats (total=10, active=0, idle=10, waiting=0)
2025-06-15 17:41:55 DEBUG com.zaxxer.hikari.pool.HikariPool - HikariPool-1 - Fill pool skipped, pool has sufficient level or currently being filled.
2025-06-15 17:42:25 DEBUG com.zaxxer.hikari.pool.HikariPool - HikariPool-1 - Pool stats (total=10, active=0, idle=10, waiting=0)
2025-06-15 17:42:25 DEBUG com.zaxxer.hikari.pool.HikariPool - HikariPool-1 - Fill pool skipped, pool has sufficient level or currently being filled.
